<?xml version="1.0" encoding="UTF-8"?>
<!-- Generated by org.testng.reporters.JUnitReportReporter -->
<testsuite hostname="TYSS-4F-051" name="script.healthinfoentry" tests="1" failures="0" timestamp="30 Oct 2017 09:30:44 GMT" time="59.719" errors="0">
  <testcase name="verifypolicyhomepage" time="59.719" classname="script.healthinfoentry"/>
</testsuite> <!-- script.healthinfoentry -->
