<?xml version="1.0" encoding="UTF-8"?>
<!-- Generated by org.testng.reporters.JUnitReportReporter -->
<testsuite hostname="TYSS-4F-051" name="script.validdetailentry" tests="1" failures="0" timestamp="30 Oct 2017 09:30:44 GMT" time="141.092" errors="0">
  <testcase name="entry" time="141.092" classname="script.validdetailentry"/>
</testsuite> <!-- script.validdetailentry -->
